<?xml version="1.0" encoding="UTF-8"?>
<testsuite xmlns:xsi="http://www.w3.org/2001/XMLSchema-instance" xsi:noNamespaceSchemaLocation="https://maven.apache.org/surefire/maven-surefire-plugin/xsd/surefire-test-report-3.0.xsd" version="3.0" name="runner.TestRunner" time="7.366" tests="1" errors="0" skipped="0" failures="0">
  <properties>
[...]
</properties>
  <testcase name="runScenario[&quot;TC02 - Login with invalid credentials&quot;, &quot;SauceDemo Application Testing&quot;](1)" classname="runner.TestRunner" time="4.996">
    <system-out><![CDATA[
@Smoke
Scenario: TC02 - Login with invalid credentials                    # src/test/resources/features/saucedemo.feature:12
  Given the user is on the SauceDemo login page                    # stepDefinitions.Stepdefinition.openWebsite()
  When the user enters username "Dhamii" and password "Dhamee@123" # stepDefinitions.Stepdefinition.enterCredentials(java.lang.String,java.lang.String)
  And the user clicks the login button                             # stepDefinitions.Stepdefinition.clickLogin()
Error Message: Epic sadface: Username and password do not match any user in this service
  Then an error message should be displayed                        # stepDefinitions.Stepdefinition.checkErrorMessage()
]]></system-out>
    <system-err><![CDATA[SLF4J(W): No SLF4J providers were found.
SLF4J(W): Defaulting to no-operation (NOP) logger implementation
SLF4J(W): See https://www.slf4j.org/codes.html#noProviders for further details.
May 16, 2026 2:50:17 PM org.openqa.selenium.devtools.CdpVersionFinder findNearestMatch
WARNING: Unable to find CDP implementation matching 148
May 16, 2026 2:50:17 PM org.openqa.selenium.chromium.ChromiumDriver lambda$new$5
WARNING: Unable to find version of CDP to use for 148.0.7778.167. You may need to include a dependency on a specific version of the CDP using something similar to `org.seleniumhq.selenium:selenium-devtools-v86:4.18.1` where the version ("v86") matches the version of the chromium-based browser you're using and the version number of the artifact is the same as Selenium's.
]]></system-err>
  </testcase>
</testsuite>